#! /usr/local/Cellar/icarus-verilog/12.0/bin/vvp
:ivl_version "12.0 (stable)";
:ivl_delay_selection "TYPICAL";
:vpi_time_precision + 0;
:vpi_module "/usr/local/Cellar/icarus-verilog/12.0/lib/ivl/system.vpi";
:vpi_module "/usr/local/Cellar/icarus-verilog/12.0/lib/ivl/vhdl_sys.vpi";
:vpi_module "/usr/local/Cellar/icarus-verilog/12.0/lib/ivl/vhdl_textio.vpi";
:vpi_module "/usr/local/Cellar/icarus-verilog/12.0/lib/ivl/v2005_math.vpi";
:vpi_module "/usr/local/Cellar/icarus-verilog/12.0/lib/ivl/va_math.vpi";
S_0x7f8dc5f04950 .scope module, "full_adder" "full_adder" 2 1;
 .timescale 0 0;
    .port_info 0 /INPUT 1 "a";
    .port_info 1 /INPUT 1 "b";
    .port_info 2 /INPUT 1 "cin";
    .port_info 3 /OUTPUT 1 "sum";
    .port_info 4 /OUTPUT 1 "carry";
o0x7f8dc5e32008 .functor BUFZ 1, C4<z>; HiZ drive
o0x7f8dc5e32038 .functor BUFZ 1, C4<z>; HiZ drive
L_0x7f8dc5f15220 .functor XOR 1, o0x7f8dc5e32008, o0x7f8dc5e32038, C4<0>, C4<0>;
o0x7f8dc5e32098 .functor BUFZ 1, C4<z>; HiZ drive
L_0x7f8dc5f152b0 .functor XOR 1, L_0x7f8dc5f15220, o0x7f8dc5e32098, C4<0>, C4<0>;
L_0x7f8dc5f153a0 .functor AND 1, o0x7f8dc5e32008, o0x7f8dc5e32038, C4<1>, C4<1>;
L_0x7f8dc5f154d0 .functor AND 1, o0x7f8dc5e32038, o0x7f8dc5e32098, C4<1>, C4<1>;
L_0x7f8dc5f155a0 .functor AND 1, o0x7f8dc5e32098, o0x7f8dc5e32008, C4<1>, C4<1>;
L_0x7f8dc5f15660 .functor OR 1, L_0x7f8dc5f153a0, L_0x7f8dc5f154d0, L_0x7f8dc5f155a0, C4<0>;
v0x7f8dc5f04b70_0 .net "a", 0 0, o0x7f8dc5e32008;  0 drivers
v0x7f8dc5f14c10_0 .net "b", 0 0, o0x7f8dc5e32038;  0 drivers
v0x7f8dc5f14cb0_0 .net "carry", 0 0, L_0x7f8dc5f15660;  1 drivers
v0x7f8dc5f14d40_0 .net "cin", 0 0, o0x7f8dc5e32098;  0 drivers
v0x7f8dc5f14de0_0 .net "sum", 0 0, L_0x7f8dc5f152b0;  1 drivers
v0x7f8dc5f14ec0_0 .net "w1", 0 0, L_0x7f8dc5f15220;  1 drivers
v0x7f8dc5f14f60_0 .net "w2", 0 0, L_0x7f8dc5f153a0;  1 drivers
v0x7f8dc5f15000_0 .net "w3", 0 0, L_0x7f8dc5f154d0;  1 drivers
v0x7f8dc5f150a0_0 .net "w4", 0 0, L_0x7f8dc5f155a0;  1 drivers
# The file index is used to find the file name in the following table.
:file_names 3;
    "N/A";
    "<interactive>";
    "full_adder.v";
